<?xml version="1.0" encoding="UTF-8"?>
<!-- Generated by org.testng.reporters.JUnitXMLReporter -->
<testsuite hostname="LAPTOP-5RVADTCV" ignored="5" name="JCPennySmokeTest" tests="5" failures="0" timestamp="2020-08-25T15:01:30 CDT" time="15.038" errors="0">
  <testcase name="verifyHomePageTitle" time="1.298" classname="com.jcpenny.testcases.JcPennyTest"/>
  <testcase name="verifyLogo" time="1.436" classname="com.jcpenny.testcases.JcPennyTest"/>
  <testcase name="verifyLogoFontSize" time="0.646" classname="com.jcpenny.testcases.JcPennyTest"/>
  <testcase name="verifyLogoFontFamily" time="0.136" classname="com.jcpenny.testcases.JcPennyTest"/>
  <testcase name="navigateToHomeElectronicsPage" time="2.89" classname="com.jcpenny.testcases.JcPennyTest"/>
  <testcase name="SelectAProductAndVerify" time="0.0" classname="com.jcpenny.testcases.JcPennyTest">
    <ignored/>
  </testcase> <!-- SelectAProductAndVerify -->
  <testcase name="verifyProductInCart" time="0.0" classname="com.jcpenny.testcases.JcPennyTest">
    <ignored/>
  </testcase> <!-- verifyProductInCart -->
  <testcase name="verifyCartAfterRemovingProduct" time="0.0" classname="com.jcpenny.testcases.JcPennyTest">
    <ignored/>
  </testcase> <!-- verifyCartAfterRemovingProduct -->
  <testcase name="navigateToKidsElectronicsPage" time="0.0" classname="com.jcpenny.testcases.JcPennyTest">
    <ignored/>
  </testcase> <!-- navigateToKidsElectronicsPage -->
  <testcase name="verifyLogoColor" time="0.0" classname="com.jcpenny.testcases.JcPennyTest">
    <ignored/>
  </testcase> <!-- verifyLogoColor -->
</testsuite> <!-- JCPennySmokeTest -->
