<?xml version="1.0" encoding="UTF-8" ?>
<testsuite tests="10" failures="1" name="com.jcpenny.testcases.JcPennyTest" time="40.613" errors="0" skipped="0">
  <properties>
[...]
</properties>
  <testcase classname="com.jcpenny.testcases.JcPennyTest" name="verifyHomePageTitle" time="1.025"/>
  <testcase classname="com.jcpenny.testcases.JcPennyTest" name="verifyLogo" time="1.637"/>
  <testcase classname="com.jcpenny.testcases.JcPennyTest" name="verifyLogoColor" time="0.248"/>
  <testcase classname="com.jcpenny.testcases.JcPennyTest" name="verifyLogoFontSize" time="0.138"/>
  <testcase classname="com.jcpenny.testcases.JcPennyTest" name="verifyLogoFontFamily" time="0.057"/>
  <testcase classname="com.jcpenny.testcases.JcPennyTest" name="navigateToHomeElectronicsPage" time="4.007"/>
  <testcase classname="com.jcpenny.testcases.JcPennyTest" name="navigateToKidsElectronicsPage" time="3.05"/>
  <testcase classname="com.jcpenny.testcases.JcPennyTest" name="SelectAProductAndVerify" time="6.159"/>
  <testcase classname="com.jcpenny.testcases.JcPennyTest" name="verifyProductInCart" time="19.719"/>
  <testcase classname="com.jcpenny.testcases.JcPennyTest" name="verifyCartAfterRemovingProduct" time="4.573">
    <failure message="expected [Start with an Empty Cart] but found [Start with an Empty Cart, Finish in Style]" type="java.lang.AssertionError">java.lang.AssertionError: expected [Start with an Empty Cart] but found [Start with an Empty Cart, Finish in Style]
	at org.testng.Assert.fail(Assert.java:96)
	at org.testng.Assert.failNotEquals(Assert.java:776)
	at org.testng.Assert.assertEqualsImpl(Assert.java:137)
	at org.testng.Assert.assertEquals(Assert.java:118)
	at org.testng.Assert.assertEquals(Assert.java:453)
	at org.testng.Assert.assertEquals(Assert.java:463)
	at com.jcpenny.testcases.JcPennyTest.verifyCartAfterRemovingProduct(JcPennyTest.java:135)
</failure>
    <system-out> INFO [main] (JcPennyTest.java:131)- click &quot;remove&quot; WebElement in CartPage
 INFO [main] (JcPennyTest.java:134)- Validating empty cart text, after the product is being removed 
</system-out>
  </testcase>
</testsuite>